Filename                      Regions    Missed Regions     Cover   Functions  Missed Functions  Executed       Lines      Missed Lines     Cover    Branches   Missed Branches     Cover
-----------------------------------------------------------------------------------------------------------------------------------------------------------------------------------------
coord.rs                          437               143    67.28%          21                 7    66.67%         415                91    78.07%           0                 0         -
cube.rs                           224                 6    97.32%          20                 0   100.00%         143                11    92.31%           0                 0         -
lib.rs                            153                92    39.87%          23                19    17.39%          86                52    39.53%           0                 0         -
search.rs                         176                 5    97.16%           7                 0   100.00%         129                 4    96.90%           0                 0         -
table_io.rs                       152                 0   100.00%          16                 0   100.00%          67                 0   100.00%           0                 0         -
tables.rs                         653               605     7.35%          17                11    35.29%         412               379     8.01%           0                 0         -
-----------------------------------------------------------------------------------------------------------------------------------------------------------------------------------------
TOTAL                            1795               851    52.59%         104                37    64.42%        1252               537    57.11%           0                 0         -