TN:
SF:/Users/katoy/github/study-rust/rust-r-cube/3x3-web/src/bin/rubiks-cube-3x3.rs
FNF:0
DA:7,0
DA:9,0
DA:11,0
DA:12,0
DA:16,0
DA:18,0
DA:20,0
DA:26,0
DA:29,0
DA:30,0
DA:31,0
DA:32,0
DA:33,0
DA:34,0
LF:14
LH:0
end_of_record
TN:
SF:/Users/katoy/github/study-rust/rust-r-cube/3x3-web/src/cube/enums.rs
FN:29,Face::start_index
FN:35,Face::opposite
FN:48,Face::any_adjacent
FN:70,Face::all
FN:82,Face::from_index
FN:95,Face::to_pos_for_local_index
FN:150,Sticker::new
FN:158,Sticker::rotate_cw
FN:163,Sticker::rotate_ccw
FN:251,Move::is_global
FN:268,Move::is_middle_layer
FN:285,Move::is_face_move
FN:291,Move::all_moves
FN:336,Move::inverse
FN:381,Move::split_to_single
FN:400,Move::geometric_params
FN:444,<impl Display for Move>::fmt
FNF:17
FNDA:24433702,Face::start_index
FNDA:48,Face::opposite
FNDA:24,Face::any_adjacent
FNDA:187504,Face::all
FNDA:56102,Face::from_index
FNDA:216,Face::to_pos_for_local_index
FNDA:10686,Sticker::new
FNDA:4,Sticker::rotate_cw
FNDA:4,Sticker::rotate_ccw
FNDA:534,Move::is_global
FNDA:404,Move::is_middle_layer
FNDA:14,Move::is_face_move
FNDA:40,Move::all_moves
FNDA:10776,Move::inverse
FNDA:90,Move::split_to_single
FNDA:102,Move::geometric_params
FNDA:86,<impl Display for Move>::fmt
DA:29,24433702
DA:30,24433702
DA:35,48
DA:36,48
DA:37,8
DA:38,8
DA:39,8
DA:40,8
DA:41,8
DA:42,8
DA:48,24
DA:49,24
DA:50,4
DA:51,4
DA:52,4
DA:53,4
DA:54,4
DA:55,4
DA:70,187504
DA:72,375008
DA:73,375008
DA:74,375008
DA:75,375008
DA:76,187504
DA:77,187504
DA:82,56102
DA:83,56102
DA:84,9350
DA:85,9350
DA:86,9350
DA:87,9350
DA:88,9350
DA:89,9350
DA:90,2
DA:95,216
DA:96,432
DA:97,432
DA:98,216
DA:99,108
DA:100,108
DA:101,108
DA:102,108
DA:103,108
DA:104,108
DA:150,10686
DA:158,4
DA:159,4
DA:163,4
DA:164,4
DA:251,534
DA:252,396
DA:253,534
DA:268,404
DA:269,266
DA:270,404
DA:285,14
DA:286,24
DA:291,40
DA:292,40
DA:293,40
DA:294,40
DA:295,40
DA:296,40
DA:297,40
DA:298,40
DA:299,40
DA:300,40
DA:301,40
DA:302,40
DA:303,40
DA:304,40
DA:305,40
DA:306,40
DA:307,40
DA:308,40
DA:309,40
DA:310,40
DA:311,40
DA:312,40
DA:313,40
DA:314,40
DA:315,40
DA:316,40
DA:317,40
DA:318,40
DA:319,40
DA:320,40
DA:321,40
DA:322,40
DA:323,40
DA:324,40
DA:325,40
DA:326,40
DA:327,40
DA:328,40
DA:336,10776
DA:337,10776
DA:338,14
DA:339,6
DA:340,6
DA:341,6
DA:342,6
DA:343,6
DA:344,10
DA:345,6
DA:346,6
DA:347,6
DA:348,6
DA:349,6
DA:350,8
DA:351,6
DA:352,6
DA:353,6
DA:354,6
DA:355,6
DA:356,6
DA:357,6
DA:358,6
DA:359,6
DA:360,6
DA:361,6
DA:362,6
DA:363,6
DA:364,6
DA:365,2822
DA:366,2078
DA:367,1034
DA:368,610
DA:369,792
DA:370,312
DA:371,1528
DA:372,1066
DA:373,358
DA:381,90
DA:382,90
DA:383,6
DA:384,2
DA:385,4
DA:386,2
DA:387,2
DA:388,2
DA:389,2
DA:390,2
DA:391,2
DA:392,4
DA:393,4
DA:394,4
DA:395,54
DA:400,102
DA:401,204
DA:402,102
DA:403,4
DA:404,2
DA:405,2
DA:406,6
DA:407,2
DA:408,2
DA:409,8
DA:410,2
DA:411,2
DA:412,2
DA:413,2
DA:414,2
DA:415,8
DA:416,2
DA:417,2
DA:418,6
DA:419,2
DA:420,2
DA:421,10
DA:422,2
DA:423,2
DA:424,2
DA:425,2
DA:426,2
DA:427,2
DA:428,2
DA:429,2
DA:430,2
DA:431,2
DA:432,2
DA:433,2
DA:434,2
DA:435,2
DA:436,2
DA:437,2
DA:438,2
DA:444,86
DA:445,172
DA:446,6
DA:447,6
DA:448,6
DA:449,2
DA:450,2
DA:451,2
DA:452,2
DA:453,2
DA:454,2
DA:455,2
DA:456,2
DA:457,2
DA:458,2
DA:459,2
DA:460,2
DA:461,2
DA:462,2
DA:463,2
DA:464,2
DA:465,2
DA:466,2
DA:467,2
DA:468,2
DA:469,2
DA:470,2
DA:471,2
DA:472,2
DA:473,4
DA:474,2
DA:475,2
DA:476,2
DA:477,2
DA:478,2
DA:479,2
DA:480,2
DA:481,2
DA:483,172
LF:226
LH:226
end_of_record
TN:
SF:/Users/katoy/github/study-rust/rust-r-cube/3x3-web/src/cube/io.rs
FN:6,to_file_format
FN:54,from_file_format
FNF:2
FNDA:14,to_file_format
FNDA:34,from_file_format
DA:6,14
DA:7,28
DA:10,98
DA:11,168
DA:12,168
DA:13,840
DA:14,1512
DA:15,1512
DA:16,124
DA:17,126
DA:18,126
DA:19,126
DA:20,126
DA:21,126
DA:22,2
DA:24,2268
DA:26,84
DA:31,42
DA:32,42
DA:33,28
DA:36,42
DA:37,28
DA:38,42
DA:39,28
DA:40,42
DA:41,28
DA:42,42
DA:43,28
DA:46,42
DA:47,42
DA:48,28
DA:50,14
DA:54,34
DA:55,170
DA:57,34
DA:58,8
DA:59,4
DA:60,4
DA:65,116
DA:66,172
DA:67,4430
DA:68,1594
DA:69,220
DA:70,208
DA:71,216
DA:72,212
DA:73,216
DA:74,216
DA:75,218
DA:76,2
DA:82,90
DA:83,84
DA:84,84
DA:87,28
DA:88,4
DA:89,2
DA:90,2
DA:93,26
DA:94,4
DA:95,2
DA:96,2
DA:99,24
DA:100,4
DA:101,2
DA:102,2
DA:111,44
DA:113,154
DA:114,396
DA:115,2508
DA:116,2376
DA:120,44
DA:121,44
DA:122,66
DA:123,66
DA:124,66
DA:125,66
DA:129,22
DA:133,1810
DA:134,22
DA:136,32
DA:139,22
LF:81
LH:81
end_of_record
TN:
SF:/Users/katoy/github/study-rust/rust-r-cube/3x3-web/src/cube/mod.rs
FN:23,<impl PartialEq for Cube>::eq
FN:31,<impl Hash for Cube>::hash
FN:38,Cube::new
FN:47,Cube::sync_stickers
FN:61,Cube::is_solved
FN:80,Cube::is_solved_with_orientation
FN:97,Cube::get_sticker
FN:104,Cube::set_sticker_color
FN:114,Cube::with_clockwise_orientations
FN:131,Cube::from_colors
FN:154,Cube::validate_colors
FN:159,Cube::is_valid_state
FN:164,Cube::to_file_format
FN:169,Cube::from_file_format
FN:174,Cube::apply_move
FN:179,Cube::scramble
FN:191,Cube::restore_orientation_instantly
FN:277,Cube::restore_piece_at_slot
FN:318,Cube::apply_orientation_solution
FN:330,Cube::force_sync_orientation_to_pieces
FN:375,Cube::normalized
FN:385,<impl Default for Cube>::default
FNF:22
FNDA:704,<impl PartialEq for Cube>::eq
FNDA:1358,<impl Hash for Cube>::hash
FNDA:342,Cube::new
FNDA:441948,Cube::sync_stickers
FNDA:29910,Cube::is_solved
FNDA:32,Cube::is_solved_with_orientation
FNDA:5800,Cube::get_sticker
FNDA:2,Cube::set_sticker_color
FNDA:10,Cube::with_clockwise_orientations
FNDA:2,Cube::from_colors
FNDA:36,Cube::validate_colors
FNDA:88,Cube::is_valid_state
FNDA:14,Cube::to_file_format
FNDA:34,Cube::from_file_format
FNDA:441338,Cube::apply_move
FNDA:14,Cube::scramble
FNDA:28,Cube::restore_orientation_instantly
FNDA:676,Cube::restore_piece_at_slot
FNDA:0,Cube::apply_orientation_solution
FNDA:10,Cube::force_sync_orientation_to_pieces
FNDA:16,Cube::normalized
FNDA:0,<impl Default for Cube>::default
DA:23,704
DA:24,704
DA:31,1358
DA:32,4074
DA:38,342
DA:39,684
DA:40,684
DA:41,684
DA:42,684
DA:43,342
DA:47,441948
DA:48,23423244
DA:49,22981296
DA:61,29910
DA:62,208820
DA:63,536730
DA:64,357820
DA:65,1609600
DA:66,1430690
DA:67,110
DA:71,29800
DA:80,32
DA:81,32
DA:82,2
DA:84,210
DA:85,540
DA:86,3780
DA:87,1620
DA:88,0
DA:92,30
DA:97,5800
DA:98,5800
DA:104,2
DA:105,2
DA:107,2
DA:114,10
DA:115,30
DA:117,70
DA:118,180
DA:119,1800
DA:120,1620
DA:121,540
DA:125,10
DA:131,2
DA:132,4
DA:133,330
DA:134,108
DA:135,108
DA:136,108
DA:142,2
DA:145,4
DA:148,4
DA:150,2
DA:154,36
DA:155,72
DA:159,88
DA:160,176
DA:164,14
DA:165,28
DA:169,34
DA:170,68
DA:174,441338
DA:175,1324014
DA:179,14
DA:180,42
DA:191,28
DA:193,56
DA:194,4620
DA:195,1512
DA:197,58
DA:202,52
DA:203,52
DA:207,52
DA:208,52
DA:209,130
DA:210,52
DA:211,182
DA:212,156
DA:213,0
DA:214,0
DA:217,26
DA:218,26
DA:219,26
DA:220,26
DA:224,26
DA:225,0
DA:226,0
DA:229,52
DA:231,26
DA:232,0
DA:233,0
DA:238,182
DA:239,312
DA:240,156
DA:241,156
DA:242,156
DA:248,234
DA:249,1040
DA:253,338
DA:254,1560
DA:257,26
DA:258,0
DA:259,0
DA:260,0
DA:265,104
DA:266,0
DA:270,52
DA:273,52
DA:277,676
DA:283,2028
DA:285,2080
DA:288,3690
DA:289,9042
DA:291,9956
DA:294,3014
DA:296,1352
DA:299,9802
DA:300,18252
DA:301,27378
DA:302,9126
DA:304,2704
DA:305,676
DA:311,0
DA:312,0
DA:313,0
DA:318,0
DA:322,0
DA:330,10
DA:333,70
DA:334,120
DA:335,60
DA:336,46
DA:340,28
DA:341,230
DA:342,216
DA:343,66
DA:352,28
DA:353,28
DA:354,8
DA:355,2
DA:356,4
DA:357,0
DA:362,28
DA:363,14
DA:368,20
DA:375,16
DA:376,48
DA:377,1744
DA:378,864
DA:380,16
DA:385,0
DA:386,0
LF:152
LH:133
end_of_record
TN:
SF:/Users/katoy/github/study-rust/rust-r-cube/3x3-web/src/cube/piece.rs
FN:30,Cubie::new
FN:48,Cubie::rotate
FN:60,Cubie::project_to_stickers
FN:105,Cubie::calculate_orientation
FN:110,Cubie::matches_colors
FN:127,calculate_orientation_with_rot
FN:160,face_to_local_index
FN:197,get_face_up_axis
FN:209,get_initial_pieces
FNF:9
FNDA:9580,Cubie::new
FNDA:5465524,Cubie::rotate
FNDA:11499776,Cubie::project_to_stickers
FNDA:23884150,Cubie::calculate_orientation
FNDA:14,Cubie::matches_colors
FNDA:23884174,calculate_orientation_with_rot
FNDA:23884160,face_to_local_index
FNDA:47768348,get_face_up_axis
FNDA:368,get_initial_pieces
DA:30,9580
DA:31,19158
DA:32,2212
DA:33,4418
DA:34,2948
DA:35,6
DA:48,5465524
DA:49,21862096
DA:52,21862096
DA:53,32793144
DA:56,5465524
DA:60,11499776
DA:61,35383924
DA:63,47768296
DA:64,23884148
DA:65,47768296
DA:67,47768296
DA:68,47768296
DA:69,47768296
DA:73,47768296
DA:74,3980236
DA:75,19903912
DA:76,3981140
DA:77,15922772
DA:78,3982036
DA:79,11940736
DA:80,3979334
DA:81,7961402
DA:82,3980462
DA:83,3980940
DA:84,3980940
DA:86,0
DA:90,95536592
DA:91,71652444
DA:95,119420740
DA:97,47768296
DA:98,23884148
DA:99,23884148
DA:105,23884150
DA:106,95536600
DA:110,14
DA:111,42
DA:112,4
DA:114,50
DA:115,36
DA:116,156
DA:117,44
DA:119,4
DA:122,6
DA:127,23884174
DA:132,71652522
DA:140,71652522
DA:141,95536696
DA:144,95536696
DA:145,23884174
DA:146,8302826
DA:147,15581348
DA:148,5006664
DA:150,42298736
DA:151,21149368
DA:152,5132418
DA:154,5442266
DA:160,23884160
DA:161,23884160
DA:163,7960476
DA:164,7960476
DA:165,3980238
DA:168,7962284
DA:169,7962284
DA:170,3981142
DA:173,7964076
DA:174,7964076
DA:175,3982038
DA:178,7958672
DA:179,7958672
DA:180,3979336
DA:183,7960928
DA:184,7960928
DA:185,3980464
DA:188,7961884
DA:189,7961884
DA:190,3980942
DA:197,47768348
DA:198,382146784
DA:199,47768348
DA:200,7960288
DA:201,39808060
DA:202,7962500
DA:204,31845560
DA:209,368
DA:210,736
DA:213,1472
DA:214,4416
DA:215,13248
DA:216,14352
DA:217,368
DA:220,47840
DA:221,19136
DA:224,12880
DA:225,6624
DA:226,3312
DA:227,3312
DA:230,12880
DA:231,9936
DA:232,3312
DA:233,3312
DA:236,12880
DA:237,6624
DA:238,3312
DA:239,3312
DA:242,12880
DA:243,9936
DA:244,3312
DA:245,3312
DA:248,12880
DA:249,6624
DA:250,3312
DA:251,3312
DA:254,12880
DA:255,9936
DA:256,3312
DA:257,3312
DA:261,47840
DA:266,1472
LF:124
LH:123
end_of_record
TN:
SF:/Users/katoy/github/study-rust/rust-r-cube/3x3-web/src/cube/rotation.rs
FN:5,apply_move
FN:33,scramble
FN:48,move_to_geometric_params
FN:106,is_in_layer
FNF:4
FNDA:441568,apply_move
FNDA:14,scramble
FNDA:441568,move_to_geometric_params
FNDA:9135776,is_in_layer
DA:5,441568
DA:6,1766272
DA:9,792944
DA:10,441568
DA:22,11922336
DA:23,53489392
DA:24,16396560
DA:29,883136
DA:33,14
DA:35,28
DA:36,42
DA:38,896
DA:41,244
DA:42,1380
DA:43,460
DA:48,441568
DA:49,883136
DA:50,441568
DA:52,32662
DA:53,30416
DA:54,10636
DA:56,32454
DA:57,29996
DA:58,10340
DA:60,13828
DA:61,13822
DA:62,74
DA:65,38870
DA:66,14954
DA:67,32360
DA:69,8250
DA:70,7998
DA:71,8410
DA:73,6968
DA:74,6934
DA:75,52
DA:78,9104
DA:79,6782
DA:80,10628
DA:82,8590
DA:83,7014
DA:84,10056
DA:86,82
DA:87,46
DA:88,50
DA:91,19192
DA:92,18562
DA:93,7876
DA:95,8042
DA:96,6496
DA:97,4930
DA:99,10784
DA:100,8960
DA:101,5350
DA:106,9135776
DA:107,9135776
DA:108,4529928
DA:109,4605848
DA:110,3244696
DA:111,1361152
DA:112,1361152
DA:114,0
LF:62
LH:61
end_of_record
TN:
SF:/Users/katoy/github/study-rust/rust-r-cube/3x3-web/src/cube/validation.rs
FN:7,validate_colors
FN:44,is_valid_state
FN:93,check_corner_parity
FN:118,check_edge_parity
FN:143,check_total_permutation_parity
FN:147,check_total_permutation_parity::get_permutation_parity
FNF:6
FNDA:124,validate_colors
FNDA:88,is_valid_state
FNDA:84,check_corner_parity
FNDA:82,check_edge_parity
FNDA:80,check_total_permutation_parity
FNDA:160,check_total_permutation_parity::get_permutation_parity
DA:7,124
DA:8,248
DA:9,6820
DA:10,13392
DA:11,13392
DA:12,6696
DA:17,248
DA:18,248
DA:19,248
DA:20,248
DA:21,248
DA:22,124
DA:23,124
DA:26,818
DA:27,1388
DA:28,694
DA:29,10
DA:30,0
DA:32,10
DA:33,10
DA:34,10
DA:40,114
DA:44,88
DA:46,176
DA:47,14520
DA:48,4752
DA:50,180
DA:53,170
DA:56,166
DA:59,160
DA:61,80
DA:93,84
DA:94,336
DA:97,168
DA:98,1428
DA:99,672
DA:101,840
DA:102,0
DA:103,0
DA:107,420
DA:108,84
DA:109,2
DA:110,2
DA:111,2
DA:114,82
DA:118,82
DA:119,328
DA:122,164
DA:123,2050
DA:124,984
DA:126,1148
DA:127,0
DA:128,0
DA:132,410
DA:133,82
DA:134,2
DA:135,2
DA:136,2
DA:139,80
DA:143,80
DA:145,320
DA:147,160
DA:148,640
DA:149,320
DA:150,1760
DA:151,1600
DA:152,2136
DA:153,2136
DA:154,4268
DA:155,3200
DA:156,1600
DA:157,1600
DA:159,1220
DA:160,152
DA:164,160
DA:167,1120
DA:168,1440
DA:173,240
DA:174,240
DA:176,80
DA:177,0
DA:178,0
DA:182,80
LF:83
LH:76
end_of_record
TN:
SF:/Users/katoy/github/study-rust/rust-r-cube/3x3-web/src/gui/app.rs
FN:121,AnimationState::new
FN:132,AnimationState::with_easing
FN:147,AnimationState::update
FN:158,AnimationState::eased_progress
FN:258,<impl Default for CubeApp>::default
FN:296,CubeApp::new
FN:324,CubeApp::queue_move
FN:331,CubeApp::queue_moves
FN:338,CubeApp::scramble
FN:350,CubeApp::undo
FN:357,CubeApp::redo
FN:364,CubeApp::reset
FN:372,CubeApp::cancel_solve
FN:387,CubeApp::solve
FN:405,CubeApp::solve_without_confirm
FN:410,CubeApp::start_restore_orientation
FN:417,CubeApp::start_solver_internal
FN:495,CubeApp::update_animation
FN:548,CubeApp::check_solver_result
FN:589,CubeApp::check_progress
FN:598,CubeApp::cube
FN:606,CubeApp::display_cube
FN:632,CubeApp::editing_face_index
FN:640,CubeApp::animation
FN:645,CubeApp::solution_step_forward
FN:659,CubeApp::solution_step_backward
FN:674,CubeApp::solution_step_reset
FN:682,CubeApp::solution_step_to_end
FN:698,CubeApp::setup_custom_fonts
FN:729,CubeApp::show_3d_view
FN:784,CubeApp::show_2d_view
FN:805,CubeApp::start_scanning_mode
FN:813,CubeApp::cancel_scanning_mode
FN:820,CubeApp::next_face
FN:831,CubeApp::prev_face
FN:843,CubeApp::set_current_face_sticker
FN:853,CubeApp::get_current_face_sticker
FN:864,CubeApp::get_current_face_name
FN:881,CubeApp::is_current_face_complete
FN:891,CubeApp::finish_scanning
FN:948,CubeApp::save_to_file
FN:955,CubeApp::load_from_file
FN:963,CubeApp::load_from_content
FNF:43
FNDA:0,AnimationState::new
FNDA:0,AnimationState::with_easing
FNDA:0,AnimationState::update
FNDA:0,AnimationState::eased_progress
FNDA:0,<impl Default for CubeApp>::default
FNDA:0,CubeApp::new
FNDA:0,CubeApp::queue_move
FNDA:0,CubeApp::queue_moves
FNDA:0,CubeApp::scramble
FNDA:0,CubeApp::undo
FNDA:0,CubeApp::redo
FNDA:0,CubeApp::reset
FNDA:0,CubeApp::cancel_solve
FNDA:0,CubeApp::solve
FNDA:0,CubeApp::solve_without_confirm
FNDA:0,CubeApp::start_restore_orientation
FNDA:0,CubeApp::start_solver_internal
FNDA:0,CubeApp::update_animation
FNDA:0,CubeApp::check_solver_result
FNDA:0,CubeApp::check_progress
FNDA:0,CubeApp::cube
FNDA:0,CubeApp::display_cube
FNDA:0,CubeApp::editing_face_index
FNDA:0,CubeApp::animation
FNDA:0,CubeApp::solution_step_forward
FNDA:0,CubeApp::solution_step_backward
FNDA:0,CubeApp::solution_step_reset
FNDA:0,CubeApp::solution_step_to_end
FNDA:0,CubeApp::setup_custom_fonts
FNDA:0,CubeApp::show_3d_view
FNDA:0,CubeApp::show_2d_view
FNDA:0,CubeApp::start_scanning_mode
FNDA:0,CubeApp::cancel_scanning_mode
FNDA:0,CubeApp::next_face
FNDA:0,CubeApp::prev_face
FNDA:0,CubeApp::set_current_face_sticker
FNDA:0,CubeApp::get_current_face_sticker
FNDA:0,CubeApp::get_current_face_name
FNDA:0,CubeApp::is_current_face_complete
FNDA:0,CubeApp::finish_scanning
FNDA:0,CubeApp::save_to_file
FNDA:0,CubeApp::load_from_file
FNDA:0,CubeApp::load_from_content
DA:121,0
DA:125,0
DA:132,0
DA:136,0
DA:147,0
DA:148,0
DA:149,0
DA:150,0
DA:152,0
DA:153,0
DA:154,0
DA:158,0
DA:159,0
DA:160,0
DA:162,0
DA:163,0
DA:165,0
DA:168,0
DA:169,0
DA:258,0
DA:260,0
DA:262,0
DA:267,0
DA:269,0
DA:279,0
DA:281,0
DA:284,0
DA:285,0
DA:296,0
DA:297,0
DA:299,0
DA:302,0
DA:303,0
DA:304,0
DA:305,0
DA:307,0
DA:308,0
DA:309,0
DA:311,0
DA:312,0
DA:313,0
DA:315,0
DA:317,0
DA:318,0
DA:319,0
DA:320,0
DA:324,0
DA:325,0
DA:326,0
DA:327,0
DA:331,0
DA:332,0
DA:333,0
DA:338,0
DA:339,0
DA:340,0
DA:341,0
DA:342,0
DA:343,0
DA:344,0
DA:345,0
DA:346,0
DA:350,0
DA:351,0
DA:352,0
DA:357,0
DA:358,0
DA:359,0
DA:364,0
DA:365,0
DA:366,0
DA:367,0
DA:368,0
DA:372,0
DA:373,0
DA:374,0
DA:375,0
DA:376,0
DA:377,0
DA:378,0
DA:387,0
DA:400,0
DA:405,0
DA:406,0
DA:410,0
DA:411,0
DA:412,0
DA:417,0
DA:418,0
DA:419,0
DA:443,0
DA:444,0
DA:445,0
DA:447,0
DA:448,0
DA:451,0
DA:454,0
DA:455,0
DA:457,0
DA:458,0
DA:459,0
DA:460,0
DA:461,0
DA:464,0
DA:465,0
DA:466,0
DA:470,0
DA:471,0
DA:472,0
DA:473,0
DA:474,0
DA:476,0
DA:478,0
DA:479,0
DA:481,0
DA:484,0
DA:485,0
DA:487,0
DA:488,0
DA:495,0
DA:496,0
DA:497,0
DA:499,0
DA:502,0
DA:503,0
DA:504,0
DA:505,0
DA:506,0
DA:508,0
DA:511,0
DA:512,0
DA:515,0
DA:517,0
DA:519,0
DA:520,0
DA:521,0
DA:522,0
DA:525,0
DA:528,0
DA:529,0
DA:530,0
DA:531,0
DA:532,0
DA:535,0
DA:537,0
DA:541,0
DA:542,0
DA:548,0
DA:549,0
DA:550,0
DA:551,0
DA:552,0
DA:553,0
DA:556,0
DA:557,0
DA:558,0
DA:561,0
DA:562,0
DA:564,0
DA:565,0
DA:566,0
DA:568,0
DA:570,0
DA:571,0
DA:572,0
DA:577,0
DA:578,0
DA:580,0
DA:589,0
DA:590,0
DA:591,0
DA:592,0
DA:598,0
DA:599,0
DA:606,0
DA:607,0
DA:611,0
DA:613,0
DA:614,0
DA:615,0
DA:619,0
DA:623,0
DA:632,0
DA:633,0
DA:634,0
DA:635,0
DA:640,0
DA:641,0
DA:645,0
DA:646,0
DA:647,0
DA:649,0
DA:650,0
DA:651,0
DA:652,0
DA:653,0
DA:659,0
DA:660,0
DA:661,0
DA:663,0
DA:664,0
DA:665,0
DA:666,0
DA:667,0
DA:668,0
DA:674,0
DA:675,0
DA:676,0
DA:677,0
DA:682,0
DA:683,0
DA:685,0
DA:686,0
DA:690,0
DA:691,0
DA:692,0
DA:693,0
DA:698,0
DA:699,0
DA:700,0
DA:702,0
DA:703,0
DA:704,0
DA:705,0
DA:710,0
DA:711,0
DA:712,0
DA:713,0
DA:715,0
DA:717,0
DA:718,0
DA:719,0
DA:721,0
DA:723,0
DA:724,0
DA:725,0
DA:729,0
DA:730,0
DA:731,0
DA:732,0
DA:734,0
DA:735,0
DA:738,0
DA:739,0
DA:740,0
DA:741,0
DA:745,0
DA:746,0
DA:749,0
DA:750,0
DA:751,0
DA:754,0
DA:755,0
DA:756,0
DA:760,0
DA:761,0
DA:762,0
DA:763,0
DA:765,0
DA:767,0
DA:770,0
DA:771,0
DA:772,0
DA:773,0
DA:774,0
DA:775,0
DA:776,0
DA:777,0
DA:778,0
DA:784,0
DA:785,0
DA:786,0
DA:788,0
DA:789,0
DA:791,0
DA:792,0
DA:794,0
DA:795,0
DA:796,0
DA:797,0
DA:798,0
DA:805,0
DA:806,0
DA:807,0
DA:808,0
DA:809,0
DA:813,0
DA:814,0
DA:815,0
DA:816,0
DA:820,0
DA:821,0
DA:822,0
DA:823,0
DA:824,0
DA:831,0
DA:832,0
DA:833,0
DA:834,0
DA:835,0
DA:843,0
DA:844,0
DA:845,0
DA:846,0
DA:847,0
DA:853,0
DA:854,0
DA:855,0
DA:856,0
DA:857,0
DA:860,0
DA:864,0
DA:865,0
DA:866,0
DA:867,0
DA:868,0
DA:869,0
DA:870,0
DA:871,0
DA:872,0
DA:873,0
DA:876,0
DA:881,0
DA:882,0
DA:883,0
DA:884,0
DA:885,0
DA:887,0
DA:891,0
DA:893,0
DA:894,0
DA:895,0
DA:899,0
DA:900,0
DA:902,0
DA:908,0
DA:909,0
DA:910,0
DA:914,0
DA:915,0
DA:916,0
DA:917,0
DA:918,0
DA:923,0
DA:924,0
DA:925,0
DA:926,0
DA:930,0
DA:931,0
DA:932,0
DA:933,0
DA:936,0
DA:937,0
DA:941,0
DA:942,0
DA:943,0
DA:944,0
DA:948,0
DA:950,0
DA:951,0
DA:955,0
DA:956,0
DA:957,0
DA:959,0
DA:963,0
DA:964,0
DA:966,0
DA:969,0
DA:971,0
DA:973,0
DA:974,0
DA:975,0
DA:976,0
DA:978,0
DA:981,0
DA:982,0
DA:985,0
DA:988,0
DA:989,0
DA:990,0
DA:991,0
DA:996,0
DA:997,0
DA:998,0
DA:999,0
DA:1000,0
DA:1002,0
DA:1007,0
DA:1008,0
DA:1009,0
DA:1012,0
DA:1013,0
DA:1014,0
DA:1015,0
DA:1016,0
DA:1018,0
DA:1023,0
DA:1024,0
DA:1026,0
DA:1030,0
DA:1031,0
DA:1032,0
DA:1033,0
DA:1034,0
DA:1035,0
DA:1036,0
DA:1039,0
DA:1040,0
DA:1092,0
DA:1093,0
DA:1095,0
DA:1098,0
DA:1099,0
DA:1100,0
DA:1101,0
DA:1102,0
DA:1103,0
DA:1104,0
DA:1105,0
DA:1108,0
DA:1111,0
DA:1112,0
DA:1139,0
DA:1144,0
DA:1147,0
DA:1148,0
DA:1150,0
DA:1151,0
DA:1153,0
DA:1154,0
DA:1156,0
DA:1157,0
DA:1159,0
DA:1160,0
DA:1162,0
DA:1163,0
DA:1165,0
DA:1166,0
DA:1168,0
DA:1171,0
DA:1172,0
DA:1176,0
DA:1177,0
DA:1179,0
DA:1180,0
DA:1182,0
DA:1183,0
DA:1188,0
DA:1246,0
DA:1247,0
DA:1248,0
DA:1249,0
DA:1252,0
DA:1253,0
DA:1254,0
DA:1255,0
DA:1256,0
DA:1257,0
DA:1258,0
DA:1259,0
DA:1261,0
DA:1264,0
DA:1265,0
DA:1268,0
DA:1269,0
DA:1276,0
DA:1281,0
DA:1282,0
DA:1285,0
DA:1286,0
DA:1287,0
DA:1289,0
DA:1290,0
DA:1291,0
DA:1292,0
DA:1293,0
DA:1294,0
DA:1295,0
DA:1301,0
DA:1302,0
DA:1303,0
DA:1304,0
DA:1305,0
DA:1307,0
DA:1308,0
DA:1309,0
DA:1310,0
DA:1313,0
DA:1316,0
DA:1318,0
DA:1319,0
DA:1321,0
DA:1322,0
DA:1323,0
DA:1326,0
DA:1327,0
DA:1328,0
DA:1329,0
DA:1330,0
DA:1332,0
DA:1336,0
DA:1337,0
DA:1338,0
DA:1339,0
DA:1340,0
DA:1341,0
DA:1343,0
DA:1345,0
DA:1346,0
DA:1347,0
LF:510
LH:0
end_of_record
TN:
SF:/Users/katoy/github/study-rust/rust-r-cube/3x3-web/src/gui/controls.rs
FN:6,draw_controls
FN:50,draw_scanning_ui
FN:186,draw_base_operations
FN:239,draw_rotation_buttons
FN:287,draw_solver_ui
FN:334,draw_solution_steps
FNF:6
FNDA:0,draw_controls
FNDA:0,draw_scanning_ui
FNDA:0,draw_base_operations
FNDA:0,draw_rotation_buttons
FNDA:0,draw_solver_ui
FNDA:0,draw_solution_steps
DA:6,0
DA:7,0
DA:8,0
DA:11,0
DA:12,0
DA:13,0
DA:16,0
DA:17,0
DA:19,0
DA:24,0
DA:25,0
DA:26,0
DA:27,0
DA:28,0
DA:31,0
DA:33,0
DA:36,0
DA:37,0
DA:39,0
DA:42,0
DA:43,0
DA:45,0
DA:50,0
DA:51,0
DA:52,0
DA:53,0
DA:56,0
DA:57,0
DA:58,0
DA:61,0
DA:62,0
DA:65,0
DA:66,0
DA:67,0
DA:68,0
DA:69,0
DA:70,0
DA:71,0
DA:72,0
DA:73,0
DA:76,0
DA:77,0
DA:78,0
DA:79,0
DA:80,0
DA:81,0
DA:82,0
DA:83,0
DA:84,0
DA:85,0
DA:86,0
DA:89,0
DA:90,0
DA:91,0
DA:92,0
DA:94,0
DA:96,0
DA:98,0
DA:99,0
DA:103,0
DA:106,0
DA:107,0
DA:108,0
DA:110,0
DA:111,0
DA:112,0
DA:113,0
DA:114,0
DA:115,0
DA:116,0
DA:118,0
DA:119,0
DA:121,0
DA:124,0
DA:125,0
DA:126,0
DA:130,0
DA:132,0
DA:133,0
DA:136,0
DA:140,0
DA:143,0
DA:144,0
DA:145,0
DA:149,0
DA:151,0
DA:152,0
DA:153,0
DA:158,0
DA:159,0
DA:163,0
DA:164,0
DA:165,0
DA:166,0
DA:167,0
DA:172,0
DA:173,0
DA:174,0
DA:175,0
DA:181,0
DA:182,0
DA:186,0
DA:187,0
DA:188,0
DA:189,0
DA:190,0
DA:192,0
DA:193,0
DA:197,0
DA:200,0
DA:201,0
DA:202,0
DA:203,0
DA:205,0
DA:206,0
DA:210,0
DA:213,0
DA:214,0
DA:215,0
DA:216,0
DA:218,0
DA:220,0
DA:221,0
DA:222,0
DA:224,0
DA:228,0
DA:231,0
DA:232,0
DA:233,0
DA:234,0
DA:239,0
DA:240,0
DA:242,0
DA:244,0
DA:245,0
DA:248,0
DA:249,0
DA:252,0
DA:253,0
DA:256,0
DA:257,0
DA:260,0
DA:261,0
DA:264,0
DA:265,0
DA:269,0
DA:270,0
DA:271,0
DA:272,0
DA:273,0
DA:276,0
DA:277,0
DA:278,0
DA:279,0
DA:287,0
DA:288,0
DA:289,0
DA:290,0
DA:291,0
DA:292,0
DA:297,0
DA:298,0
DA:299,0
DA:300,0
DA:305,0
DA:306,0
DA:311,0
DA:312,0
DA:313,0
DA:315,0
DA:316,0
DA:317,0
DA:318,0
DA:322,0
DA:323,0
DA:324,0
DA:327,0
DA:328,0
DA:334,0
DA:335,0
DA:336,0
DA:337,0
DA:339,0
DA:341,0
DA:342,0
DA:343,0
DA:345,0
DA:346,0
DA:347,0
DA:348,0
DA:349,0
DA:350,0
DA:352,0
DA:353,0
DA:354,0
DA:355,0
DA:357,0
DA:358,0
DA:360,0
DA:367,0
DA:368,0
DA:369,0
DA:370,0
DA:372,0
DA:375,0
DA:376,0
DA:377,0
DA:378,0
DA:380,0
DA:381,0
DA:382,0
DA:385,0
DA:386,0
DA:387,0
DA:390,0
DA:391,0
DA:395,0
DA:396,0
DA:397,0
DA:398,0
LF:220
LH:0
end_of_record
TN:
SF:/Users/katoy/github/study-rust/rust-r-cube/3x3-web/src/gui/mapping.rs
FN:2098,get_source_index
FN:2111,get_destination_index
FN:2124,get_oris_delta
FNF:3
FNDA:4,get_source_index
FNDA:0,get_destination_index
FNDA:24,get_oris_delta
DA:2098,4
DA:2099,8
DA:2100,120
DA:2102,236
DA:2103,120
DA:2104,4
DA:2107,0
DA:2111,0
DA:2112,0
DA:2113,0
DA:2115,0
DA:2116,0
DA:2117,0
DA:2120,0
DA:2124,24
DA:2126,72
DA:2127,96
DA:2129,48
DA:2130,48
DA:2131,8
DA:2132,4
DA:2133,0
DA:2134,0
DA:2135,4
DA:2136,8
DA:2137,0
DA:2140,96
DA:2141,96
LF:28
LH:17
end_of_record
TN:
SF:/Users/katoy/github/study-rust/rust-r-cube/3x3-web/src/gui/renderer.rs
FN:16,color_to_color32
FN:31,draw_sticker
FN:106,draw_arrow
FN:147,get_grid_coords
FN:166,get_animation_info
FN:208,draw_cube
FN:485,get_face_grid_rect
FNF:7
FNDA:0,color_to_color32
FNDA:0,draw_sticker
FNDA:0,draw_arrow
FNDA:0,get_grid_coords
FNDA:0,get_animation_info
FNDA:0,draw_cube
FNDA:0,get_face_grid_rect
DA:16,0
DA:17,0
DA:18,0
DA:19,0
DA:20,0
DA:21,0
DA:22,0
DA:23,0
DA:24,0
DA:31,0
DA:40,0
DA:41,0
DA:44,0
DA:45,0
DA:47,0
DA:48,0
DA:50,0
DA:54,0
DA:57,0
DA:58,0
DA:59,0
DA:60,0
DA:62,0
DA:63,0
DA:64,0
DA:65,0
DA:66,0
DA:67,0
DA:70,0
DA:72,0
DA:73,0
DA:74,0
DA:75,0
DA:80,0
DA:81,0
DA:82,0
DA:83,0
DA:86,0
DA:87,0
DA:88,0
DA:89,0
DA:90,0
DA:95,0
DA:97,0
DA:98,0
DA:99,0
DA:100,0
DA:101,0
DA:106,0
DA:107,0
DA:108,0
DA:111,0
DA:115,0
DA:116,0
DA:120,0
DA:121,0
DA:124,0
DA:125,0
DA:129,0
DA:130,0
DA:139,0
DA:141,0
DA:142,0
DA:143,0
DA:147,0
DA:148,0
DA:149,0
DA:150,0
DA:151,0
DA:152,0
DA:153,0
DA:154,0
DA:155,0
DA:156,0
DA:157,0
DA:159,0
DA:166,0
DA:167,0
DA:168,0
DA:170,0
DA:171,0
DA:173,0
DA:174,0
DA:175,0
DA:179,0
DA:180,0
DA:182,0
DA:185,0
DA:186,0
DA:191,0
DA:192,0
DA:208,0
DA:215,0
DA:216,0
DA:218,0
DA:220,0
DA:221,0
DA:224,0
DA:225,0
DA:226,0
DA:227,0
DA:229,0
DA:231,0
DA:232,0
DA:234,0
DA:235,0
DA:236,0
DA:238,0
DA:240,0
DA:241,0
DA:245,0
DA:246,0
DA:248,0
DA:252,0
DA:253,0
DA:254,0
DA:255,0
DA:256,0
DA:257,0
DA:258,0
DA:259,0
DA:260,0
DA:262,0
DA:263,0
DA:265,0
DA:271,0
DA:272,0
DA:273,0
DA:274,0
DA:276,0
DA:278,0
DA:279,0
DA:282,0
DA:283,0
DA:284,0
DA:285,0
DA:289,0
DA:290,0
DA:292,0
DA:293,0
DA:294,0
DA:296,0
DA:297,0
DA:299,0
DA:300,0
DA:301,0
DA:302,0
DA:303,0
DA:305,0
DA:308,0
DA:310,0
DA:313,0
DA:318,0
DA:320,0
DA:321,0
DA:322,0
DA:323,0
DA:324,0
DA:325,0
DA:327,0
DA:328,0
DA:329,0
DA:330,0
DA:331,0
DA:332,0
DA:334,0
DA:335,0
DA:336,0
DA:337,0
DA:339,0
DA:340,0
DA:341,0
DA:343,0
DA:347,0
DA:348,0
DA:349,0
DA:361,0
DA:362,0
DA:363,0
DA:364,0
DA:365,0
DA:366,0
DA:367,0
DA:368,0
DA:369,0
DA:370,0
DA:371,0
DA:372,0
DA:373,0
DA:376,0
DA:379,0
DA:381,0
DA:382,0
DA:383,0
DA:385,0
DA:388,0
DA:392,0
DA:393,0
DA:394,0
DA:396,0
DA:398,0
DA:400,0
DA:401,0
DA:402,0
DA:403,0
DA:405,0
DA:406,0
DA:407,0
DA:408,0
DA:409,0
DA:410,0
DA:411,0
DA:412,0
DA:413,0
DA:414,0
DA:420,0
DA:421,0
DA:422,0
DA:423,0
DA:424,0
DA:425,0
DA:426,0
DA:428,0
DA:429,0
DA:430,0
DA:434,0
DA:436,0
DA:437,0
DA:438,0
DA:439,0
DA:442,0
DA:448,0
DA:449,0
DA:450,0
DA:451,0
DA:452,0
DA:453,0
DA:454,0
DA:455,0
DA:457,0
DA:458,0
DA:460,0
DA:461,0
DA:463,0
DA:467,0
DA:468,0
DA:470,0
DA:471,0
DA:473,0
DA:474,0
DA:475,0
DA:476,0
DA:477,0
DA:478,0
DA:485,0
DA:486,0
DA:487,0
DA:488,0
DA:489,0
DA:490,0
DA:491,0
DA:492,0
DA:493,0
DA:496,0
LF:264
LH:0
end_of_record
TN:
SF:/Users/katoy/github/study-rust/rust-r-cube/3x3-web/src/gui/renderer_3d.rs
FN:15,<impl Default for View3D>::default
FN:35,project_point
FN:46,draw_arrow_3d
FN:74,draw_cube_3d
FN:212,move_to_anim_params
FN:254,is_affected
FN:269,get_sticker_axes
FN:288,normal_to_face
FNF:8
FNDA:0,<impl Default for View3D>::default
FNDA:0,project_point
FNDA:0,draw_arrow_3d
FNDA:0,draw_cube_3d
FNDA:0,move_to_anim_params
FNDA:0,is_affected
FNDA:0,get_sticker_axes
FNDA:0,normal_to_face
DA:15,0
DA:35,0
DA:36,0
DA:37,0
DA:38,0
DA:40,0
DA:41,0
DA:46,0
DA:47,0
DA:48,0
DA:49,0
DA:50,0
DA:53,0
DA:54,0
DA:56,0
DA:58,0
DA:59,0
DA:61,0
DA:62,0
DA:63,0
DA:64,0
DA:66,0
DA:67,0
DA:68,0
DA:74,0
DA:82,0
DA:85,0
DA:86,0
DA:87,0
DA:90,0
DA:93,0
DA:94,0
DA:96,0
DA:99,0
DA:100,0
DA:102,0
DA:105,0
DA:106,0
DA:108,0
DA:110,0
DA:111,0
DA:112,0
DA:113,0
DA:117,0
DA:119,0
DA:121,0
DA:122,0
DA:123,0
DA:124,0
DA:127,0
DA:130,0
DA:131,0
DA:132,0
DA:133,0
DA:135,0
DA:136,0
DA:137,0
DA:138,0
DA:139,0
DA:142,0
DA:143,0
DA:144,0
DA:145,0
DA:146,0
DA:147,0
DA:149,0
DA:152,0
DA:153,0
DA:154,0
DA:159,0
DA:161,0
DA:162,0
DA:164,0
DA:165,0
DA:166,0
DA:167,0
DA:168,0
DA:169,0
DA:170,0
DA:177,0
DA:178,0
DA:179,0
DA:180,0
DA:184,0
DA:185,0
DA:186,0
DA:187,0
DA:188,0
DA:191,0
DA:192,0
DA:193,0
DA:194,0
DA:195,0
DA:196,0
DA:197,0
DA:203,0
DA:204,0
DA:205,0
DA:212,0
DA:213,0
DA:214,0
DA:215,0
DA:216,0
DA:217,0
DA:218,0
DA:219,0
DA:220,0
DA:221,0
DA:222,0
DA:223,0
DA:224,0
DA:225,0
DA:226,0
DA:227,0
DA:228,0
DA:229,0
DA:230,0
DA:231,0
DA:232,0
DA:233,0
DA:234,0
DA:235,0
DA:236,0
DA:237,0
DA:238,0
DA:239,0
DA:240,0
DA:241,0
DA:242,0
DA:243,0
DA:244,0
DA:245,0
DA:246,0
DA:247,0
DA:248,0
DA:249,0
DA:250,0
DA:254,0
DA:255,0
DA:256,0
DA:258,0
DA:259,0
DA:260,0
DA:261,0
DA:262,0
DA:263,0
DA:265,0
DA:269,0
DA:270,0
DA:271,0
DA:272,0
DA:273,0
DA:274,0
DA:275,0
DA:276,0
DA:277,0
DA:278,0
DA:279,0
DA:280,0
DA:281,0
DA:282,0
DA:284,0
DA:288,0
DA:289,0
DA:290,0
DA:291,0
DA:292,0
DA:293,0
DA:294,0
DA:295,0
DA:296,0
DA:297,0
DA:298,0
DA:299,0
DA:301,0
LF:175
LH:0
end_of_record
TN:
SF:/Users/katoy/github/study-rust/rust-r-cube/3x3-web/src/gui/state.rs
FN:29,<impl Default for CoreState>::default
FN:44,CoreState::new
FN:49,CoreState::apply_move
FN:56,CoreState::scramble
FN:61,CoreState::reset
FN:70,CoreState::undo
FN:80,CoreState::redo
FN:122,<impl Default for SolverStateManager>::default
FN:144,SolverStateManager::new
FN:149,SolverStateManager::cancel
FN:175,<impl Default for AnimationStateManager>::default
FN:188,AnimationStateManager::new
FN:193,AnimationStateManager::queue_move
FN:198,AnimationStateManager::queue_moves
FN:205,AnimationStateManager::clear_queue
FN:245,<impl Default for UiState>::default
FN:261,UiState::new
FN:276,FileIoState::new
FNF:18
FNDA:0,<impl Default for CoreState>::default
FNDA:0,CoreState::new
FNDA:0,CoreState::apply_move
FNDA:0,CoreState::scramble
FNDA:0,CoreState::reset
FNDA:0,CoreState::undo
FNDA:0,CoreState::redo
FNDA:0,<impl Default for SolverStateManager>::default
FNDA:0,SolverStateManager::new
FNDA:0,SolverStateManager::cancel
FNDA:0,<impl Default for AnimationStateManager>::default
FNDA:0,AnimationStateManager::new
FNDA:0,AnimationStateManager::queue_move
FNDA:0,AnimationStateManager::queue_moves
FNDA:0,AnimationStateManager::clear_queue
FNDA:0,<impl Default for UiState>::default
FNDA:0,UiState::new
FNDA:0,FileIoState::new
DA:29,0
DA:31,0
DA:32,0
DA:33,0
DA:44,0
DA:45,0
DA:49,0
DA:50,0
DA:51,0
DA:52,0
DA:56,0
DA:57,0
DA:61,0
DA:62,0
DA:63,0
DA:64,0
DA:65,0
DA:66,0
DA:70,0
DA:71,0
DA:72,0
DA:73,0
DA:75,0
DA:80,0
DA:81,0
DA:82,0
DA:83,0
DA:85,0
DA:122,0
DA:127,0
DA:144,0
DA:145,0
DA:149,0
DA:150,0
DA:151,0
DA:152,0
DA:153,0
DA:175,0
DA:178,0
DA:188,0
DA:189,0
DA:193,0
DA:194,0
DA:198,0
DA:199,0
DA:200,0
DA:205,0
DA:206,0
DA:207,0
DA:245,0
DA:248,0
DA:250,0
DA:252,0
DA:261,0
DA:262,0
DA:276,0
DA:277,0
LF:57
LH:0
end_of_record
TN:
SF:/Users/katoy/github/study-rust/rust-r-cube/3x3-web/src/gui/statistics_panel.rs
FN:4,draw_statistics
FNF:1
FNDA:0,draw_statistics
DA:4,0
DA:5,0
DA:6,0
DA:8,0
DA:10,0
DA:11,0
DA:12,0
DA:13,0
DA:17,0
DA:19,0
DA:21,0
DA:22,0
DA:23,0
DA:24,0
DA:27,0
DA:28,0
DA:29,0
DA:30,0
DA:33,0
DA:34,0
DA:35,0
DA:37,0
DA:38,0
DA:39,0
DA:40,0
LF:25
LH:0
end_of_record
TN:
SF:/Users/katoy/github/study-rust/rust-r-cube/3x3-web/src/history.rs
FN:17,<impl Default for History>::default
FN:34,History::new
FN:52,History::with_capacity
FN:82,History::push
FN:111,History::undo
FN:138,History::redo
FN:154,History::can_undo
FN:165,History::can_redo
FN:172,History::clear
FN:183,History::undo_count
FN:193,History::redo_count
FNF:11
FNDA:2,<impl Default for History>::default
FNDA:10,History::new
FNDA:12,History::with_capacity
FNDA:18,History::push
FNDA:18,History::undo
FNDA:4,History::redo
FNDA:2,History::can_undo
FNDA:6,History::can_redo
FNDA:2,History::clear
FNDA:8,History::undo_count
FNDA:2,History::redo_count
DA:17,2
DA:18,2
DA:34,10
DA:35,10
DA:52,12
DA:54,24
DA:55,12
DA:82,18
DA:83,54
DA:86,38
DA:87,2
DA:91,36
DA:111,18
DA:112,32
DA:113,42
DA:114,14
DA:116,4
DA:138,4
DA:139,6
DA:140,6
DA:141,2
DA:143,2
DA:154,2
DA:155,2
DA:165,6
DA:166,6
DA:172,2
DA:173,4
DA:174,4
DA:183,8
DA:184,16
DA:193,2
DA:194,4
LF:33
LH:33
end_of_record
TN:
SF:/Users/katoy/github/study-rust/rust-r-cube/3x3-web/src/kociemba/coord.rs
FN:60,RawCube::multiply
FN:75,RawCube::move_cube
FN:257,RawCube::from_cube
FN:401,RawCube::get_twist
FN:410,RawCube::set_twist
FN:421,RawCube::get_flip
FN:430,RawCube::set_flip
FN:442,RawCube::get_ud_slice
FN:456,RawCube::set_ud_slice
FN:473,RawCube::get_cp
FN:489,RawCube::set_cp
FN:507,RawCube::get_ep8
FN:530,RawCube::set_ep8
FN:553,RawCube::get_slice_p
FN:576,RawCube::set_slice_p
FN:600,n_choose_k
FN:614,factorial
FN:622,move_cube_18
FN:637,<impl Default for RawCube>::default
FN:670,FaceCube::from_cube
FNF:20
FNDA:12387066,RawCube::multiply
FNDA:12296784,RawCube::move_cube
FNDA:21390,RawCube::from_cube
FNDA:323888,RawCube::get_twist
FNDA:17502,RawCube::set_twist
FNDA:303872,RawCube::get_flip
FNDA:16390,RawCube::set_flip
FNDA:80240,RawCube::get_ud_slice
FNDA:3966,RawCube::set_ud_slice
FNDA:5822536,RawCube::get_cp
FNDA:322560,RawCube::set_cp
FNDA:5822536,RawCube::get_ep8
FNDA:322560,RawCube::set_ep8
FNDA:19912,RawCube::get_slice_p
FNDA:192,RawCube::set_slice_p
FNDA:570964,n_choose_k
FNDA:4516416,factorial
FNDA:90186,move_cube_18
FNDA:12429430,<impl Default for RawCube>::default
FNDA:0,FaceCube::from_cube
DA:60,12387066
DA:61,24774132
DA:62,210580122
DA:63,198193056
DA:64,198193056
DA:66,309676650
DA:67,297289584
DA:68,297289584
DA:70,12387066
DA:75,12296784
DA:77,24593576
DA:80,16
DA:81,24
DA:82,32
DA:83,32
DA:84,32
DA:85,32
DA:86,32
DA:87,32
DA:88,24
DA:89,24
DA:91,24
DA:92,16
DA:93,24
DA:94,24
DA:95,24
DA:96,24
DA:97,24
DA:98,24
DA:99,24
DA:100,24
DA:101,24
DA:102,24
DA:103,16
DA:104,16
DA:106,16
DA:109,16
DA:110,24
DA:111,32
DA:112,32
DA:113,32
DA:114,32
DA:115,32
DA:116,32
DA:117,24
DA:118,24
DA:120,24
DA:121,16
DA:122,24
DA:123,24
DA:124,24
DA:125,24
DA:126,24
DA:127,24
DA:128,24
DA:129,24
DA:130,24
DA:131,24
DA:132,16
DA:133,16
DA:135,16
DA:138,16
DA:139,24
DA:140,32
DA:141,32
DA:142,32
DA:143,32
DA:144,32
DA:145,32
DA:146,24
DA:147,24
DA:149,24
DA:150,16
DA:151,24
DA:152,24
DA:153,24
DA:154,24
DA:155,24
DA:156,24
DA:157,24
DA:158,24
DA:159,24
DA:160,24
DA:161,16
DA:162,16
DA:164,16
DA:167,16
DA:168,24
DA:169,32
DA:170,32
DA:171,32
DA:172,32
DA:173,32
DA:174,32
DA:175,24
DA:176,24
DA:178,24
DA:179,16
DA:180,24
DA:181,24
DA:182,24
DA:183,24
DA:184,24
DA:185,24
DA:186,24
DA:187,24
DA:188,24
DA:189,24
DA:190,16
DA:191,16
DA:193,16
DA:196,16
DA:197,24
DA:198,32
DA:199,32
DA:200,32
DA:201,32
DA:202,32
DA:203,32
DA:204,24
DA:205,24
DA:207,24
DA:208,16
DA:209,24
DA:210,24
DA:211,24
DA:212,24
DA:213,24
DA:214,24
DA:215,24
DA:216,24
DA:217,24
DA:218,24
DA:219,16
DA:220,16
DA:222,16
DA:225,8
DA:226,16
DA:227,24
DA:228,24
DA:229,24
DA:230,24
DA:231,24
DA:232,24
DA:233,16
DA:234,16
DA:236,16
DA:237,8
DA:238,16
DA:239,16
DA:240,16
DA:241,16
DA:242,16
DA:243,16
DA:244,16
DA:245,16
DA:246,16
DA:247,16
DA:248,8
DA:249,8
DA:251,8
DA:254,12296792
DA:257,21390
DA:258,42780
DA:259,42780
DA:260,42780
DA:261,42780
DA:262,42780
DA:263,42780
DA:265,42780
DA:267,406410
DA:268,342240
DA:269,342240
DA:270,342240
DA:273,513360
DA:277,247862
DA:278,231424
DA:279,215484
DA:280,198694
DA:283,214986
DA:284,197074
DA:285,179002
DA:286,162748
DA:289,162252
DA:290,149278
DA:291,135332
DA:292,121574
DA:293,135804
DA:294,121856
DA:295,109694
DA:296,94774
DA:299,103448
DA:300,90080
DA:301,77186
DA:302,64954
DA:303,77212
DA:304,66292
DA:305,53746
DA:306,42140
DA:309,0
DA:310,0
DA:311,0
DA:317,478788
DA:318,69230
DA:319,179644
DA:320,48042
DA:322,53848
DA:326,577530
DA:327,513360
DA:328,513360
DA:330,712064
DA:331,116810
DA:332,252156
DA:333,54310
DA:334,144756
DA:335,53990
DA:336,46724
DA:337,31570
DA:339,0
DA:342,513360
DA:343,513360
DA:344,513360
DA:345,620310
DA:346,21390
DA:348,598920
DA:349,21390
DA:351,491970
DA:352,21390
DA:354,470580
DA:355,21390
DA:357,449190
DA:358,21390
DA:360,427800
DA:361,21390
DA:363,320850
DA:364,21390
DA:366,299460
DA:367,21390
DA:369,256680
DA:370,21390
DA:372,192510
DA:373,21390
DA:375,171120
DA:376,21390
DA:378,106950
DA:379,21390
DA:382,0
DA:386,0
DA:387,0
DA:388,0
DA:392,256680
DA:395,21390
DA:401,323888
DA:402,647776
DA:403,4858320
DA:404,2267216
DA:406,323888
DA:410,17502
DA:411,35004
DA:412,280032
DA:413,245028
DA:414,122514
DA:415,122514
DA:417,17502
DA:421,303872
DA:422,607744
DA:423,6989056
DA:424,3342592
DA:426,303872
DA:430,16390
DA:431,32780
DA:432,393360
DA:433,360580
DA:434,180290
DA:435,180290
DA:437,16390
DA:442,80240
DA:443,160480
DA:444,160480
DA:445,1123360
DA:446,1283840
DA:447,320960
DA:448,1467244
DA:449,1008728
DA:452,80240
DA:456,3966
DA:457,7932
DA:458,7932
DA:459,55524
DA:460,196656
DA:461,76104
DA:462,25368
DA:463,63456
DA:464,15864
DA:465,15864
DA:467,6360
DA:473,5822536
DA:474,11645072
DA:475,69870432
DA:476,46580288
DA:477,81515504
DA:478,203788760
DA:479,407554860
DA:480,81492844
DA:483,40757752
DA:485,5822536
DA:489,322560
DA:490,967680
DA:491,645120
DA:492,645120
DA:493,8064000
DA:494,9031680
DA:495,6773760
DA:496,4515840
DA:497,2257920
DA:499,645120
DA:500,8709120
DA:502,5160960
DA:507,5822536
DA:508,11645072
DA:509,11645072
DA:510,11645072
DA:511,75692968
DA:512,116450720
DA:513,46580288
DA:514,46580288
DA:517,46580288
DA:518,81515504
DA:519,203788760
DA:520,244493424
DA:521,81462416
DA:524,40757752
DA:526,5822536
DA:530,322560
DA:531,967680
DA:532,645120
DA:533,645120
DA:534,8064000
DA:535,9031680
DA:536,6773760
DA:537,4515840
DA:538,2257920
DA:540,645120
DA:542,645120
DA:543,4193280
DA:544,6451200
DA:546,5160960
DA:547,2580480
DA:553,19912
DA:554,39824
DA:555,39824
DA:556,39824
DA:557,258856
DA:558,318592
DA:559,79648
DA:560,79648
DA:563,79648
DA:564,119472
DA:565,179208
DA:566,168676
DA:567,49204
DA:570,59736
DA:572,19912
DA:576,192
DA:577,576
DA:578,384
DA:579,384
DA:580,2496
DA:581,2304
DA:582,1728
DA:583,1152
DA:584,576
DA:586,384
DA:587,384
DA:588,2496
DA:589,3072
DA:591,1536
DA:592,768
DA:600,570964
DA:601,1141928
DA:602,0
DA:604,574052
DA:605,3088
DA:607,1141928
DA:608,2260260
DA:609,1689296
DA:611,570964
DA:614,4516416
DA:615,9032832
DA:616,31612608
DA:617,13548096
DA:619,4516416
DA:622,90186
DA:624,180380
DA:625,16
DA:626,104
DA:627,192
DA:628,96
DA:629,192
DA:630,192
DA:632,8
DA:633,90194
DA:637,12429430
DA:639,24858860
DA:649,24858860
DA:650,12429430
DA:664,12429430
DA:670,0
DA:671,0
DA:672,0
DA:673,0
DA:674,0
DA:675,0
DA:676,0
DA:677,0
DA:678,0
DA:680,0
DA:681,0
DA:682,0
DA:683,0
LF:420
LH:398
end_of_record
TN:
SF:/Users/katoy/github/study-rust/rust-r-cube/3x3-web/src/kociemba/search.rs
FN:25,<impl Default for Search>::default
FN:31,Search::new
FN:50,Search::solve
FN:88,Search::search_phase1
FN:136,Search::get_phase1_dist
FN:143,Search::init_phase2
FN:178,Search::search_phase2
FN:228,Search::get_phase2_dist
FN:234,Search::extract_solution
FN:247,is_redundant
FN:263,idx_to_move
FNF:11
FNDA:2,<impl Default for Search>::default
FNDA:20914,Search::new
FNDA:8954,Search::solve
FNDA:2565608,Search::search_phase1
FNDA:2463618,Search::get_phase1_dist
FNDA:16456,Search::init_phase2
FNDA:20255076,Search::search_phase2
FNDA:20170122,Search::get_phase2_dist
FNDA:8946,Search::extract_solution
FNDA:24673824,is_redundant
FNDA:47814,idx_to_move
DA:25,2
DA:26,2
DA:31,20914
DA:33,41828
DA:34,41828
DA:35,41828
DA:36,41828
DA:37,20914
DA:50,8954
DA:51,17908
DA:52,17908
DA:53,17908
DA:54,8954
DA:55,8954
DA:56,8954
DA:57,8954
DA:59,26862
DA:60,26862
DA:61,26862
DA:63,43352
DA:64,68840
DA:65,44
DA:66,44
DA:67,44
DA:71,206388
DA:72,8946
DA:74,25452
DA:75,0
DA:78,17916
DA:79,0
DA:81,17908
DA:88,2565608
DA:96,2565608
DA:97,134922
DA:99,32912
DA:101,85534
DA:105,2463618
DA:106,2463618
DA:107,0
DA:110,14781708
DA:111,2463618
DA:112,2263384
DA:116,1339616
DA:117,4004742
DA:118,284772
DA:120,3385820
DA:121,5062420
DA:122,5062420
DA:123,5062420
DA:124,5062420
DA:126,7593630
DA:127,17718470
DA:128,25436
DA:130,5011548
DA:133,174798
DA:136,2463618
DA:137,4927236
DA:138,4927236
DA:139,7390854
DA:143,16456
DA:144,32912
DA:146,32912
DA:147,196828
DA:148,270558
DA:151,49368
DA:152,49368
DA:153,49368
DA:155,49368
DA:156,32912
DA:159,32912
DA:160,16456
DA:161,32912
DA:162,16456
DA:164,118670
DA:165,613284
DA:166,8946
DA:167,8946
DA:168,8946
DA:171,16456
DA:178,20255076
DA:186,20255076
DA:187,104220
DA:189,17892
DA:190,8946
DA:192,76008
DA:196,20170122
DA:197,20170122
DA:198,0
DA:201,121020732
DA:202,20170122
DA:203,17178100
DA:208,5984044
DA:209,32822626
DA:210,59661208
DA:211,100986704
DA:212,9677742
DA:215,40305724
DA:216,40305724
DA:217,40305724
DA:219,60458586
DA:220,141070034
DA:221,22376
DA:223,40260972
DA:225,2969646
DA:228,20170122
DA:229,40340244
DA:230,40340244
DA:231,60510366
DA:234,8946
DA:235,17892
DA:236,59818
DA:237,76308
DA:239,53698
DA:240,67128
DA:242,8946
DA:243,17892
DA:247,24673824
DA:248,24673824
DA:249,187976
DA:252,24485848
DA:253,1931838
DA:254,2853172
DA:255,348990
DA:256,406148
DA:257,347428
DA:258,407030
DA:259,18191242
DA:263,47814
DA:264,95628
DA:265,95628
DA:266,47814
DA:267,2504
DA:268,3014
DA:269,2250
DA:270,2694
DA:271,4676
DA:272,920
DA:273,2906
DA:274,4596
DA:275,988
DA:276,2284
DA:277,2554
DA:278,2370
DA:279,2872
DA:280,4472
DA:281,884
DA:282,2686
DA:283,4188
DA:284,956
LF:149
LH:145
end_of_record
TN:
SF:/Users/katoy/github/study-rust/rust-r-cube/3x3-web/src/kociemba/tables.rs
FN:42,MoveTable::get
FN:57,PruningTable::get
FN:69,generate_twist_move_table
FN:88,generate_flip_move_table
FN:107,generate_ud_slice_move_table
FN:126,generate_cp_move_table
FN:145,generate_ep8_move_table
FN:164,generate_slice_p_move_table
FN:183,generate_twist_slice_pruning_table
FN:222,generate_flip_slice_pruning_table
FN:260,generate_cp_slice_pruning_table
FN:301,generate_ep8_slice_pruning_table
FNF:12
FNDA:41830,MoveTable::get
FNDA:20916,PruningTable::get
FNDA:8,generate_twist_move_table
FNDA:8,generate_flip_move_table
FNDA:8,generate_ud_slice_move_table
FNDA:8,generate_cp_move_table
FNDA:8,generate_ep8_move_table
FNDA:8,generate_slice_p_move_table
FNDA:8,generate_twist_slice_pruning_table
FNDA:8,generate_flip_slice_pruning_table
FNDA:8,generate_cp_slice_pruning_table
FNDA:8,generate_ep8_slice_pruning_table
DA:42,41830
DA:44,83660
DA:45,8
DA:46,8
DA:47,8
DA:48,8
DA:49,8
DA:50,8
DA:57,20916
DA:59,41832
DA:60,41832
DA:61,16
DA:62,16
DA:63,16
DA:64,16
DA:69,8
DA:70,24
DA:71,16
DA:72,17504
DA:73,52488
DA:74,122472
DA:75,209952
DA:76,734832
DA:77,1259712
DA:78,944784
DA:84,24
DA:85,16
DA:88,8
DA:89,24
DA:90,16
DA:91,16392
DA:92,49152
DA:93,114688
DA:94,196608
DA:95,688128
DA:96,1179648
DA:97,884736
DA:103,24
DA:104,16
DA:107,8
DA:108,24
DA:109,16
DA:110,3968
DA:111,11880
DA:112,27720
DA:113,47520
DA:114,166320
DA:115,285120
DA:116,213840
DA:122,24
DA:123,16
DA:126,8
DA:127,24
DA:128,16
DA:129,322568
DA:130,967680
DA:131,2257920
DA:132,3870720
DA:133,13547520
DA:134,23224320
DA:135,17418240
DA:141,24
DA:142,16
DA:145,8
DA:146,24
DA:147,16
DA:148,322568
DA:149,967680
DA:150,2257920
DA:151,3870720
DA:152,13547520
DA:153,23224320
DA:154,17418240
DA:160,24
DA:161,16
DA:164,8
DA:165,24
DA:166,16
DA:167,200
DA:168,576
DA:169,1344
DA:170,2304
DA:171,8064
DA:172,13824
DA:173,10368
DA:179,24
DA:180,16
DA:183,8
DA:184,16
DA:185,16
DA:186,16
DA:187,24
DA:190,16
DA:191,16
DA:192,16
DA:194,16
DA:195,16
DA:196,80
DA:197,144
DA:198,77944752
DA:199,77944680
DA:200,17315600
DA:201,17315600
DA:202,164498200
DA:203,311680800
DA:204,311680800
DA:205,311680800
DA:206,164500912
DA:207,17321024
DA:208,8660512
DA:209,8660512
DA:214,72
DA:215,0
DA:217,72
DA:219,16
DA:222,8
DA:223,16
DA:224,16
DA:225,16
DA:226,24
DA:228,16
DA:229,16
DA:230,16
DA:232,16
DA:233,16
DA:234,80
DA:235,144
DA:236,72990792
DA:237,72990720
DA:238,16214976
DA:239,16214976
DA:240,154042272
DA:241,291869568
DA:242,291869568
DA:243,291869568
DA:244,154044856
DA:245,16220144
DA:246,8110072
DA:247,8110072
DA:252,72
DA:253,0
DA:255,72
DA:257,16
DA:260,8
DA:261,16
DA:262,16
DA:263,16
DA:264,24
DA:266,16
DA:267,16
DA:268,16
DA:271,16
DA:273,16
DA:274,16
DA:275,120
DA:276,224
DA:277,108380272
DA:278,108380160
DA:279,15446016
DA:280,15446016
DA:281,84953088
DA:282,154460160
DA:283,154460160
DA:284,154460160
DA:285,84971512
DA:286,15482864
DA:287,7741432
DA:288,7741432
DA:293,112
DA:294,0
DA:296,112
DA:298,16
DA:301,8
DA:302,16
DA:303,16
DA:304,16
DA:305,24
DA:307,16
DA:308,16
DA:309,16
DA:312,16
DA:314,16
DA:315,16
DA:316,104
DA:317,192
DA:318,92897376
DA:319,92897280
DA:320,15480576
DA:321,15480576
DA:322,85143168
DA:323,154805760
DA:324,154805760
DA:325,154805760
DA:326,85144312
DA:327,15482864
DA:328,7741432
DA:329,7741432
DA:334,96
DA:335,0
DA:337,96
DA:339,16
LF:201
LH:197
end_of_record
TN:
SF:/Users/katoy/github/study-rust/rust-r-cube/3x3-web/src/solver/fix.rs
FN:10,get_target_oris
FN:47,apply_supercube_fixes
FN:140,is_opposite_face
FN:152,get_buffer_face
FN:168,get_fix_180
FN:190,get_fix_90_pair
FN:208,get_setup_to_up
FN:218,get_setup_to_up_right
FN:229,apply_rot_to_face
FN:260,move_to_geometric_params_for_rot
FNF:10
FNDA:2890,get_target_oris
FNDA:2890,apply_supercube_fixes
FNDA:4920,is_opposite_face
FNDA:374,get_buffer_face
FNDA:5904,get_fix_180
FNDA:3442,get_fix_90_pair
FNDA:5916,get_setup_to_up
FNDA:3442,get_setup_to_up_right
FNDA:79628,apply_rot_to_face
FNDA:88516,move_to_geometric_params_for_rot
DA:10,2890
DA:11,5780
DA:12,80202
DA:13,71532
DA:14,94430
DA:15,117328
DA:16,117328
DA:17,58664
DA:18,32876
DA:19,32876
DA:22,35766
DA:23,5780
DA:24,4
DA:25,12
DA:27,28
DA:29,4
DA:31,5780
DA:34,0
DA:35,0
DA:37,0
DA:47,2890
DA:48,8670
DA:49,5780
DA:50,8670
DA:52,15126
DA:53,36708
DA:54,24484
DA:55,12
DA:56,12
DA:57,12
DA:60,12236
DA:61,2890
DA:65,18692
DA:66,121498
DA:67,168228
DA:70,18692
DA:71,18692
DA:72,140190
DA:73,168228
DA:74,62670
DA:75,13188
DA:76,70372
DA:77,42888
DA:81,24596
DA:83,11808
DA:84,3442
DA:85,10326
DA:86,10326
DA:88,6884
DA:90,3442
DA:91,450
DA:92,5630
DA:93,624
DA:94,2934
DA:95,654
DA:97,7494
DA:101,1472
DA:102,368
DA:103,396
DA:105,708
DA:109,0
DA:110,0
DA:111,0
DA:112,0
DA:113,0
DA:116,0
DA:119,18692
DA:120,24
DA:121,192
DA:122,184
DA:124,8
DA:126,16
DA:128,16
DA:131,248106
DA:132,238768
DA:135,28038
DA:137,2890
DA:140,4920
DA:141,4074
DA:142,9840
DA:152,374
DA:153,1224
DA:154,374
DA:155,374
DA:156,374
DA:157,374
DA:158,374
DA:159,374
DA:161,3672
DA:162,374
DA:165,0
DA:168,5904
DA:169,17712
DA:170,17712
DA:171,11808
DA:172,5904
DA:173,5904
DA:174,5904
DA:175,5904
DA:176,5904
DA:177,5904
DA:178,5904
DA:179,5904
DA:180,5904
DA:181,5904
DA:182,5904
DA:183,5904
DA:185,17712
DA:186,23616
DA:187,5904
DA:190,3442
DA:191,13768
DA:192,10326
DA:193,6884
DA:194,3442
DA:195,3442
DA:196,3442
DA:197,3442
DA:198,3442
DA:199,3442
DA:200,3442
DA:201,3442
DA:203,10326
DA:204,13768
DA:205,3442
DA:208,5916
DA:209,33332
DA:210,109664
DA:211,27416
DA:212,5916
DA:215,0
DA:218,3442
DA:219,46582
DA:220,86280
DA:221,18120
DA:223,3286
DA:226,156
DA:229,79628
DA:230,159256
DA:231,5628
DA:232,6800
DA:233,18356
DA:234,13994
DA:235,14864
DA:236,19986
DA:238,256660
DA:239,354064
DA:240,442580
DA:241,177032
DA:243,159256
DA:246,362388
DA:247,565520
DA:248,79628
DA:249,64640
DA:250,55160
DA:251,41598
DA:252,28262
DA:253,13472
DA:255,282760
DA:257,159256
DA:260,88516
DA:261,177032
DA:262,88516
DA:263,21534
DA:264,12914
DA:265,8578
DA:266,10110
DA:267,7810
DA:268,8422
DA:269,8004
DA:270,5252
DA:271,5892
DA:272,0
LF:173
LH:161
end_of_record
TN:
SF:/Users/katoy/github/study-rust/rust-r-cube/3x3-web/src/solver/mod.rs
FN:41,get_solved_oris
FN:45,get_solved_states
FN:49,generate_all_solved_states
FN:77,generate_all_solved_oris
FN:82,is_fully_solved
FN:124,is_orientation_solvable
FN:133,solve_with_progress
FN:142,solve
FN:161,ProgressReporter::new
FN:167,ProgressReporter::report
FN:182,try_solve_with_rotation
FN:313,solve_internal
FN:379,attempt_direct_solve
FN:419,attempt_search
FN:550,fail_solution
FN:574,get_orientations_vec
FN:581,undo_setup
FN:589,get_all_rotations
FN:631,SolverState::new
FN:642,SolverState::error
FN:648,SolverState::process_chunk
FN:662,SolverState::get_solution
FN:665,SolverState::estimate_progress
FNF:23
FNDA:11852,get_solved_oris
FNDA:2926,get_solved_states
FNDA:14,generate_all_solved_states
FNDA:10,generate_all_solved_oris
FNDA:11894,is_fully_solved
FNDA:8894,is_orientation_solvable
FNDA:2,solve_with_progress
FNDA:48,solve
FNDA:54,ProgressReporter::new
FNDA:316,ProgressReporter::report
FNDA:21134,try_solve_with_rotation
FNDA:54,solve_internal
FNDA:48,attempt_direct_solve
FNDA:10,attempt_search
FNDA:4,fail_solution
FNDA:42142,get_orientations_vec
FNDA:9346,undo_setup
FNDA:9410,get_all_rotations
FNDA:6,SolverState::new
FNDA:4,SolverState::error
FNDA:10,SolverState::process_chunk
FNDA:6,SolverState::get_solution
FNDA:8,SolverState::estimate_progress
DA:41,11852
DA:42,11852
DA:45,2926
DA:46,2926
DA:49,14
DA:53,28
DA:54,28
DA:55,28
DA:56,42
DA:58,56
DA:59,56
DA:60,42
DA:62,42
DA:64,686
DA:65,1344
DA:66,4032
DA:67,3024
DA:68,4354
DA:69,1610
DA:70,644
DA:74,14
DA:77,10
DA:78,20
DA:79,40
DA:82,11894
DA:83,11894
DA:84,42
DA:87,35556
DA:88,23704
DA:89,23704
DA:90,534780
DA:91,249612
DA:92,2950
DA:93,2950
DA:97,23704
DA:98,70
DA:99,22
DA:100,22
DA:101,22
DA:104,4
DA:109,204
DA:110,108
DA:111,12
DA:113,192
DA:114,108
DA:115,12
DA:121,23704
DA:124,8894
DA:125,8894
DA:126,4
DA:128,26670
DA:129,97790
DA:130,17780
DA:133,2
DA:139,10
DA:142,48
DA:144,50
DA:145,2
DA:146,2
DA:147,2
DA:148,2
DA:152,230
DA:161,54
DA:163,54
DA:167,316
DA:168,320
DA:169,12
DA:170,8
DA:182,21134
DA:191,63402
DA:192,167150
DA:193,146016
DA:195,86350
DA:196,65216
DA:200,84536
DA:203,84536
DA:204,21134
DA:205,12184
DA:209,62650
DA:212,17884
DA:213,26826
DA:214,26826
DA:215,26826
DA:218,26826
DA:219,194006
DA:220,185064
DA:224,17976
DA:225,46
DA:226,138
DA:227,46
DA:228,46
DA:233,8920
DA:234,6
DA:235,18
DA:236,6
DA:237,6
DA:242,17780
DA:243,8890
DA:244,18006
DA:245,66022
DA:246,12004
DA:247,0
DA:250,12004
DA:251,6002
DA:252,6002
DA:253,0
DA:255,6002
DA:260,5778
DA:261,4
DA:262,2
DA:263,2
DA:266,11552
DA:267,5778
DA:268,4
DA:269,2
DA:270,2
DA:273,8664
DA:274,11552
DA:276,8664
DA:277,241752
DA:278,238864
DA:281,5778
DA:282,4
DA:283,2
DA:284,6
DA:285,2
DA:289,5776
DA:290,5776
DA:291,4
DA:292,8
DA:293,4
DA:294,4
DA:297,2884
DA:298,5768
DA:299,5768
DA:300,2884
DA:301,2884
DA:310,0
DA:313,54
DA:319,162
DA:320,108
DA:322,108
DA:323,12
DA:324,6
DA:325,12
DA:326,6
DA:327,6
DA:331,84
DA:332,0
DA:333,0
DA:334,0
DA:335,0
DA:336,0
DA:340,144
DA:343,188
DA:344,44
DA:345,38
DA:346,76
DA:347,38
DA:349,12
DA:350,6
DA:356,10
DA:357,0
DA:358,0
DA:359,0
DA:365,20
DA:366,20
DA:367,20
DA:368,20
DA:369,10
DA:371,12
DA:372,6
DA:376,12
DA:379,48
DA:384,96
DA:387,96
DA:388,36
DA:389,6
DA:394,84
DA:395,222
DA:396,84
DA:397,1080
DA:399,84
DA:400,36
DA:408,104
DA:409,2
DA:410,588
DA:412,2
DA:416,4
DA:419,10
DA:426,20
DA:427,20
DA:428,20
DA:436,30
DA:438,20
DA:440,20860
DA:441,41700
DA:442,40890
DA:443,20040
DA:445,37888
DA:446,17038
DA:448,34306
DA:449,13456
DA:452,62550
DA:453,135558
DA:454,229416
DA:455,114708
DA:458,41700
DA:459,41700
DA:460,93858
DA:461,292032
DA:462,146016
DA:464,62550
DA:466,50550
DA:467,41700
DA:468,41700
DA:469,41700
DA:470,41700
DA:471,20850
DA:472,20850
DA:474,8850
DA:475,36
DA:476,8832
DA:477,35328
DA:478,8832
DA:479,0
DA:484,21040
DA:485,624
DA:487,20832
DA:490,14
DA:491,4
DA:493,24
DA:544,8
DA:545,2
DA:547,4
DA:550,4
DA:551,8
DA:552,0
DA:554,8
DA:555,12
DA:556,4
DA:557,12
DA:558,44
DA:559,4
DA:560,4
DA:561,4
DA:564,0
DA:568,4
DA:574,42142
DA:575,42142
DA:577,294994
DA:581,9346
DA:582,30438
DA:583,10546
DA:585,9346
DA:586,9346
DA:589,9410
DA:590,9410
DA:591,9410
DA:592,18820
DA:593,18820
DA:594,18820
DA:595,18820
DA:596,18820
DA:597,18820
DA:598,18820
DA:599,18820
DA:600,18820
DA:601,28230
DA:602,28230
DA:603,28230
DA:604,28230
DA:605,28230
DA:606,28230
DA:607,28230
DA:608,28230
DA:609,28230
DA:610,28230
DA:611,28230
DA:612,28230
DA:613,28230
DA:614,28230
DA:631,6
DA:632,18
DA:635,18
DA:642,4
DA:643,4
DA:644,4
DA:645,0
DA:648,10
DA:649,10
DA:650,4
DA:653,6
DA:654,6
DA:655,6
DA:656,6
DA:658,12
DA:659,6
DA:660,6
DA:662,6
DA:663,12
DA:665,8
DA:666,8
DA:667,4
DA:669,4
LF:305
LH:290
end_of_record
TN:
SF:/Users/katoy/github/study-rust/rust-r-cube/3x3-web/src/statistics.rs
FN:28,<impl Default for Statistics>::default
FN:43,Statistics::new
FN:48,Statistics::record_solve
FN:63,Statistics::record_solve_failure
FN:68,Statistics::record_manual_move
FN:74,Statistics::avg_solve_time
FN:87,Statistics::success_rate
FN:101,Statistics::session_duration
FNF:8
FNDA:16,<impl Default for Statistics>::default
FNDA:16,Statistics::new
FNDA:12,Statistics::record_solve
FNDA:4,Statistics::record_solve_failure
FNDA:2,Statistics::record_manual_move
FNDA:4,Statistics::avg_solve_time
FNDA:6,Statistics::success_rate
FNDA:2,Statistics::session_duration
DA:28,16
DA:35,16
DA:43,16
DA:44,16
DA:48,12
DA:49,12
DA:50,12
DA:51,12
DA:53,18
DA:54,8
DA:55,2
DA:58,6
DA:63,4
DA:64,4
DA:68,2
DA:69,2
DA:74,4
DA:75,4
DA:78,4
DA:79,2
DA:81,2
DA:87,6
DA:88,6
DA:92,4
DA:95,2
DA:101,2
DA:102,4
LF:27
LH:27
end_of_record
